<?xml version="1.0" encoding="UTF-8"?>
<Site BuildName="(empty)"
	BuildStamp="20231002-1350-Experimental"
	Name="(empty)"
	Generator="ctest-3.22.1"
	CompilerName=""
	CompilerVersion=""
	OSName="Linux"
	Hostname="ptb-10003145.paris.inria.fr"
	OSRelease="6.2.0-33-generic"
	OSVersion="#33~22.04.1-Ubuntu SMP PREEMPT_DYNAMIC Thu Sep  7 10:33:52 UTC 2"
	OSPlatform="x86_64"
	Is64Bits="1"
	VendorString="GenuineIntel"
	VendorID="Intel Corporation"
	FamilyID="6"
	ModelID="186"
	ProcessorCacheSize="24576"
	NumberOfLogicalCPU="20"
	NumberOfPhysicalCPU="14"
	TotalVirtualMemory="0"
	TotalPhysicalMemory="15668"
	LogicalProcessorsPerPhysical="1"
	ProcessorClockFrequency="4300"
	>
	<Testing>
		<StartDateTime>Oct 02 15:50 CEST</StartDateTime>
		<StartTestTime>1696254614</StartTestTime>
		<TestList/>
		<EndDateTime>Oct 02 15:50 CEST</EndDateTime>
		<EndTestTime>1696254614</EndTestTime>
		<ElapsedMinutes>0</ElapsedMinutes>
	</Testing>
</Site>
